{"name": "Проверка суммы заказа в магазине SauceDemo", "status": "broken", "statusDetails": {"message": "selenium.common.exceptions.TimeoutException: Message: \nStacktrace:\n\tGetHandleVerifier [0x0x7ff6480fe8e5+80021]\n\tGetHandleVerifier [0x0x7ff6480fe940+80112]\n\t(No symbol) [0x0x7ff647e8060f]\n\t(No symbol) [0x0x7ff647ed8854]\n\t(No symbol) [0x0x7ff647ed8b1c]\n\t(No symbol) [0x0x7ff647f2c927]\n\t(No symbol) [0x0x7ff647f0126f]\n\t(No symbol) [0x0x7ff647f2968a]\n\t(No symbol) [0x0x7ff647f01003]\n\t(No symbol) [0x0x7ff647ec95d1]\n\t(No symbol) [0x0x7ff647eca3f3]\n\tGetHandleVerifier [0x0x7ff6483bdc7d+2960429]\n\tGetHandleVerifier [0x0x7ff6483b7f3a+2936554]\n\tGetHandleVerifier [0x0x7ff6483d8977+3070247]\n\tGetHandleVerifier [0x0x7ff6481183ce+185214]\n\tGetHandleVerifier [0x0x7ff64811fe1f+216527]\n\tGetHandleVerifier [0x0x7ff648107b24+117460]\n\tGetHandleVerifier [0x0x7ff648107cdf+117903]\n\tGetHandleVerifier [0x0x7ff6480edbb8+11112]\n\tBaseThreadInitThunk [0x0x7ffeb698e8d7+23]\n\tRtlUserThreadStart [0x0x7ffeb7dcc53c+44]", "trace": "@allure.title(\"Проверка суммы заказа в магазине SauceDemo\")\n    @allure.description(\n        \"Тест проверяет, что итоговая сумма заказа корректна после \"\n        \"добавления нескольких товаров.\"\n    )\n    @allure.feature(\"Интернет-магазин\")\n    @allure.severity(allure.severity_level.NORMAL)\n    def test_shop_total():\n        driver = webdriver.Chrome()\n        driver.maximize_window()\n    \n        try:\n            driver.get(\"https://www.saucedemo.com/\")\n    \n            with allure.step(\"Авторизация на сайте\"):\n                login_page = LoginPage(driver)\n                login_page.enter_username(\"standard_user\")\n                login_page.enter_password(\"secret_sauce\")\n                login_page.click_login()\n    \n            with allure.step(\"Добавление товаров в корзину\"):\n                inventory_page = InventoryPage(driver)\n                items = [\n                    \"Sauce Labs Backpack\",\n                    \"Sauce Labs Bolt T-Shirt\",\n                    \"Sauce Labs Onesie\"\n                ]\n                for item in items:\n                    inventory_page.add_to_cart(item)\n                inventory_page.go_to_cart()\n    \n            with allure.step(\"Переход к оформлению заказа\"):\n                cart_page = CartPage(driver)\n                cart_page.click_checkout()\n    \n            with allure.step(\"Заполнение формы оформления заказа\"):\n                checkout_page = CheckoutPage(driver)\n                checkout_page.fill_form(\n                    first_name=\"Иван\",\n                    last_name=\"Иванов\",\n                    postal_code=\"12345\"\n                )\n    \n            with allure.step(\"Проверка итоговой суммы заказа\"):\n>               total = checkout_page.get_total()\n                        ^^^^^^^^^^^^^^^^^^^^^^^^^\n\nlesson_10\\tests\\test_shop_total.py:53: \n_ _ _ _ _ _ _ _ _ _ _ _ _ _ _ _ _ _ _ _ _ _ _ _ _ _ _ _ _ _ _ _ _ _ _ _ _ _ _ _ _ _ _ _ _ _ _ _ _ _ _ _ _ _ _ _ _ _ _ _ _ _ _ _ _\nlesson_10\\pages\\checkout_page.py:63: in get_total\n    element = self.wait.until(\n_ _ _ _ _ _ _ _ _ _ _ _ _ _ _ _ _ _ _ _ _ _ _ _ _ _ _ _ _ _ _ _ _ _ _ _ _ _ _ _ _ _ _ _ _ _ _ _ _ _ _ _ _ _ _ _ _ _ _ _ _ _ _ _ _\n\nself = <selenium.webdriver.support.wait.WebDriverWait (session=\"827947886582607d66ef83b6c798ed24\")>\nmethod = <function visibility_of_element_located.<locals>._predicate at 0x000001A4D80E7060>, message = ''\n\n    def until(self, method: Callable[[D], Union[Literal[False], T]], message: str = \"\") -> T:\n        \"\"\"Wait until the method returns a value that is not False.\n    \n        Calls the method provided with the driver as an argument until the\n        return value does not evaluate to ``False``.\n    \n        Parameters:\n        -----------\n        method: callable(WebDriver)\n            - A callable object that takes a WebDriver instance as an argument.\n    \n        message: str\n            - Optional message for :exc:`TimeoutException`\n    \n        Return:\n        -------\n        object: T\n            - The result of the last call to `method`\n    \n        Raises:\n        -------\n        TimeoutException\n            - If 'method' does not return a truthy value within the WebDriverWait\n            object's timeout\n    \n        Example:\n        --------\n        >>> from selenium.webdriver.common.by import By\n        >>> from selenium.webdriver.support.ui import WebDriverWait\n        >>> from selenium.webdriver.support import expected_conditions as EC\n    \n        # Wait until an element is visible on the page\n        >>> wait = WebDriverWait(driver, 10)\n        >>> element = wait.until(EC.visibility_of_element_located((By.ID, \"exampleId\")))\n        >>> print(element.text)\n        \"\"\"\n        screen = None\n        stacktrace = None\n    \n        end_time = time.monotonic() + self._timeout\n        while True:\n            try:\n                value = method(self._driver)\n                if value:\n                    return value\n            except self._ignored_exceptions as exc:\n                screen = getattr(exc, \"screen\", None)\n                stacktrace = getattr(exc, \"stacktrace\", None)\n            if time.monotonic() > end_time:\n                break\n            time.sleep(self._poll)\n>       raise TimeoutException(message, screen, stacktrace)\nE       selenium.common.exceptions.TimeoutException: Message: \nE       Stacktrace:\nE       \tGetHandleVerifier [0x0x7ff6480fe8e5+80021]\nE       \tGetHandleVerifier [0x0x7ff6480fe940+80112]\nE       \t(No symbol) [0x0x7ff647e8060f]\nE       \t(No symbol) [0x0x7ff647ed8854]\nE       \t(No symbol) [0x0x7ff647ed8b1c]\nE       \t(No symbol) [0x0x7ff647f2c927]\nE       \t(No symbol) [0x0x7ff647f0126f]\nE       \t(No symbol) [0x0x7ff647f2968a]\nE       \t(No symbol) [0x0x7ff647f01003]\nE       \t(No symbol) [0x0x7ff647ec95d1]\nE       \t(No symbol) [0x0x7ff647eca3f3]\nE       \tGetHandleVerifier [0x0x7ff6483bdc7d+2960429]\nE       \tGetHandleVerifier [0x0x7ff6483b7f3a+2936554]\nE       \tGetHandleVerifier [0x0x7ff6483d8977+3070247]\nE       \tGetHandleVerifier [0x0x7ff6481183ce+185214]\nE       \tGetHandleVerifier [0x0x7ff64811fe1f+216527]\nE       \tGetHandleVerifier [0x0x7ff648107b24+117460]\nE       \tGetHandleVerifier [0x0x7ff648107cdf+117903]\nE       \tGetHandleVerifier [0x0x7ff6480edbb8+11112]\nE       \tBaseThreadInitThunk [0x0x7ffeb698e8d7+23]\nE       \tRtlUserThreadStart [0x0x7ffeb7dcc53c+44]\n\n.venv\\Lib\\site-packages\\selenium\\webdriver\\support\\wait.py:138: TimeoutException"}, "description": "Тест проверяет, что итоговая сумма заказа корректна после добавления нескольких товаров.", "steps": [{"name": "Авторизация на сайте", "status": "passed", "start": 1762118123790, "stop": 1762118124123}, {"name": "Добавление товаров в корзину", "status": "passed", "start": 1762118124123, "stop": 1762118124534}, {"name": "Переход к оформлению заказа", "status": "passed", "start": 1762118124534, "stop": 1762118124575}, {"name": "Заполнение формы оформления заказа", "status": "passed", "start": 1762118124575, "stop": 1762118124917}, {"name": "Проверка итоговой суммы заказа", "status": "broken", "statusDetails": {"message": "selenium.common.exceptions.TimeoutException: Message: \nStacktrace:\n\tGetHandleVerifier [0x0x7ff6480fe8e5+80021]\n\tGetHandleVerifier [0x0x7ff6480fe940+80112]\n\t(No symbol) [0x0x7ff647e8060f]\n\t(No symbol) [0x0x7ff647ed8854]\n\t(No symbol) [0x0x7ff647ed8b1c]\n\t(No symbol) [0x0x7ff647f2c927]\n\t(No symbol) [0x0x7ff647f0126f]\n\t(No symbol) [0x0x7ff647f2968a]\n\t(No symbol) [0x0x7ff647f01003]\n\t(No symbol) [0x0x7ff647ec95d1]\n\t(No symbol) [0x0x7ff647eca3f3]\n\tGetHandleVerifier [0x0x7ff6483bdc7d+2960429]\n\tGetHandleVerifier [0x0x7ff6483b7f3a+2936554]\n\tGetHandleVerifier [0x0x7ff6483d8977+3070247]\n\tGetHandleVerifier [0x0x7ff6481183ce+185214]\n\tGetHandleVerifier [0x0x7ff64811fe1f+216527]\n\tGetHandleVerifier [0x0x7ff648107b24+117460]\n\tGetHandleVerifier [0x0x7ff648107cdf+117903]\n\tGetHandleVerifier [0x0x7ff6480edbb8+11112]\n\tBaseThreadInitThunk [0x0x7ffeb698e8d7+23]\n\tRtlUserThreadStart [0x0x7ffeb7dcc53c+44]\n\n", "trace": "  File \"C:\\Users\\rados\\Homework_Python\\lesson_10\\tests\\test_shop_total.py\", line 53, in test_shop_total\n    total = checkout_page.get_total()\n  File \"C:\\Users\\rados\\Homework_Python\\lesson_10\\pages\\checkout_page.py\", line 63, in get_total\n    element = self.wait.until(\n        EC.visibility_of_element_located(\n            self.total_label\n        )\n    )\n  File \"C:\\Users\\rados\\Homework_Python\\.venv\\Lib\\site-packages\\selenium\\webdriver\\support\\wait.py\", line 138, in until\n    raise TimeoutException(message, screen, stacktrace)\n"}, "start": 1762118124917, "stop": 1762118135266}], "start": 1762118119870, "stop": 1762118137522, "uuid": "d8757bb6-a2b5-4d9c-9dc1-fc1889f9308a", "historyId": "ab3c3ffdb267e125b425107df6d660f7", "testCaseId": "ab3c3ffdb267e125b425107df6d660f7", "fullName": "lesson_10.tests.test_shop_total#test_shop_total", "labels": [{"name": "severity", "value": "normal"}, {"name": "feature", "value": "Интернет-магазин"}, {"name": "parentSuite", "value": "lesson_10.tests"}, {"name": "suite", "value": "test_shop_total"}, {"name": "host", "value": "DESKTOP-TEU8KKI"}, {"name": "thread", "value": "29496-MainThread"}, {"name": "framework", "value": "pytest"}, {"name": "language", "value": "cpython3"}, {"name": "package", "value": "lesson_10.tests.test_shop_total"}], "titlePath": ["lesson_10", "tests", "test_shop_total.py"]}